Using pre-set license
Built from '2020.3/staging' branch; Version is '2020.3.4f1 (0abb6314276a) revision 703331'; Using compiler version '192528614'; Build Type 'Release'
OS: 'Windows 10 Pro; OS build 19043.1526; Version 2009; 64bit' Language: 'ru' Physical Memory: 16295 MB
BatchMode: 1, IsHumanControllingUs: 0, StartBugReporterOnCrash: 0, Is64bit: 1, IsPro: 0

 COMMAND LINE ARGUMENTS:
C:\Program Files\Unity\Hub\Editor\2020.3.4f1\Editor\Unity.exe
-adb2
-batchMode
-noUpm
-name
AssetImportWorker0
-projectPath
C:/Users/maslo/2048
-logFile
Logs/AssetImportWorker0.log
-srvPort
62780
Successfully changed project path to: C:/Users/maslo/2048
C:/Users/maslo/2048
Using Asset Import Pipeline V2.
Refreshing native plugins compatible for Editor in 38.98 ms, found 1 plugins.
Preloading 0 native plugins for Editor in 0.00 ms.
Initialize engine version: 2020.3.4f1 (0abb6314276a)
[Subsystems] Discovering subsystems at path C:/Program Files/Unity/Hub/Editor/2020.3.4f1/Editor/Data/Resources/UnitySubsystems
[Subsystems] Discovering subsystems at path C:/Users/maslo/2048/Assets
GfxDevice: creating device client; threaded=0
Direct3D:
    Version:  Direct3D 11.0 [level 11.1]
    Renderer: NVIDIA GeForce RTX 2060 SUPER (ID=0x1f06)
    Vendor:   
    VRAM:     8031 MB
    Driver:   30.0.14.9676
Initialize mono
Mono path[0] = 'C:/Program Files/Unity/Hub/Editor/2020.3.4f1/Editor/Data/Managed'
Mono path[1] = 'C:/Program Files/Unity/Hub/Editor/2020.3.4f1/Editor/Data/MonoBleedingEdge/lib/mono/unityjit'
Mono config path = 'C:/Program Files/Unity/Hub/Editor/2020.3.4f1/Editor/Data/MonoBleedingEdge/etc'
Using monoOptions --debugger-agent=transport=dt_socket,embedding=1,server=y,suspend=n,address=127.0.0.1:56316
Begin MonoManager ReloadAssembly
Registering precompiled unity dll's ...
Register platform support module: C:/Program Files/Unity/Hub/Editor/2020.3.4f1/Editor/Data/PlaybackEngines/WebGLSupport/UnityEditor.WebGL.Extensions.dll
Register platform support module: C:/Program Files/Unity/Hub/Editor/2020.3.4f1/Editor/Data/PlaybackEngines/WindowsStandaloneSupport/UnityEditor.WindowsStandalone.Extensions.dll
Registered in 0.002824 seconds.
Native extension for WindowsStandalone target not found
Native extension for WebGL target not found
Refreshing native plugins compatible for Editor in 41.13 ms, found 1 plugins.
Preloading 0 native plugins for Editor in 0.00 ms.
Mono: successfully reloaded assembly
- Completed reload, in  2.224 seconds
Platform modules already initialized, skipping
Registering precompiled user dll's ...
Registered in 0.001067 seconds.
Begin MonoManager ReloadAssembly
Native extension for WindowsStandalone target not found
Native extension for WebGL target not found
Refreshing native plugins compatible for Editor in 41.45 ms, found 1 plugins.
Preloading 0 native plugins for Editor in 0.00 ms.
Mono: successfully reloaded assembly
- Completed reload, in  0.999 seconds
Platform modules already initialized, skipping
========================================================================
Worker process is ready to serve import requests
Launched and connected shader compiler UnityShaderCompiler.exe after 0.05 seconds
Refreshing native plugins compatible for Editor in 0.32 ms, found 1 plugins.
Preloading 0 native plugins for Editor in 0.00 ms.
Unloading 1825 Unused Serialized files (Serialized files now loaded: 0)
System memory in use before: 87.2 MB.
System memory in use after: 87.2 MB.

Unloading 24 unused Assets to reduce memory usage. Loaded Objects now: 2268.
Total: 2.179800 ms (FindLiveObjects: 0.219400 ms CreateObjectMapping: 0.042700 ms MarkObjects: 1.777200 ms  DeleteObjects: 0.139200 ms)

========================================================================
Received Import Request.
  path: Assets/ColorManager.cs
  artifactKey: Guid(cd0b6cb63aa4d5f49b102ae003a8d8d7) Importer(815301076,1909f56bfc062723c751e8b465ee728b)
Start importing Assets/ColorManager.cs using Guid(cd0b6cb63aa4d5f49b102ae003a8d8d7) Importer(815301076,1909f56bfc062723c751e8b465ee728b)  -> (artifact id: 'da1bf9d040372f15d98df8236983dcc2') in 0.031661 seconds
  Import took 0.034428 seconds .

========================================================================
Received Import Request.
  Time since last request: 1416.254393 seconds.
  path: Assets/Field.cs
  artifactKey: Guid(2241ac7dce272cb42bcbf0bdd49bd8ab) Importer(815301076,1909f56bfc062723c751e8b465ee728b)
Start importing Assets/Field.cs using Guid(2241ac7dce272cb42bcbf0bdd49bd8ab) Importer(815301076,1909f56bfc062723c751e8b465ee728b)  -> (artifact id: '9f1d9206648f2ccd59f41e228f708494') in 0.007060 seconds
  Import took 0.010547 seconds .

========================================================================
Received Import Request.
  Time since last request: 0.026646 seconds.
  path: Assets/Field.cs
  artifactKey: Guid(2241ac7dce272cb42bcbf0bdd49bd8ab) Importer(815301076,1909f56bfc062723c751e8b465ee728b)
Start importing Assets/Field.cs using Guid(2241ac7dce272cb42bcbf0bdd49bd8ab) Importer(815301076,1909f56bfc062723c751e8b465ee728b)  -> (artifact id: '9f1d9206648f2ccd59f41e228f708494') in 0.003304 seconds
  Import took 0.005879 seconds .

========================================================================
Received Import Request.
  Time since last request: 1.517555 seconds.
  path: Assets/Cell.cs
  artifactKey: Guid(a0cc06dd16f3c694b849f718400b4279) Importer(815301076,1909f56bfc062723c751e8b465ee728b)
Start importing Assets/Cell.cs using Guid(a0cc06dd16f3c694b849f718400b4279) Importer(815301076,1909f56bfc062723c751e8b465ee728b)  -> (artifact id: '5cd9bc860da88f1cf66f96f94c7b3ccd') in 0.007181 seconds
  Import took 0.010341 seconds .

========================================================================
Received Import Request.
  Time since last request: 86.828923 seconds.
  path: Assets/GameManager.cs
  artifactKey: Guid(255666aa8214c8945b80cd49112e6fba) Importer(815301076,1909f56bfc062723c751e8b465ee728b)
Start importing Assets/GameManager.cs using Guid(255666aa8214c8945b80cd49112e6fba) Importer(815301076,1909f56bfc062723c751e8b465ee728b)  -> (artifact id: 'df6baa0672879b26adb9cc9861802862') in 0.008361 seconds
  Import took 0.011446 seconds .

========================================================================
Received Prepare
Registering precompiled user dll's ...
Registered in 0.001044 seconds.
Begin MonoManager ReloadAssembly
Native extension for WindowsStandalone target not found
Native extension for WebGL target not found
Refreshing native plugins compatible for Editor in 0.33 ms, found 1 plugins.
Preloading 0 native plugins for Editor in 0.00 ms.
Mono: successfully reloaded assembly
- Completed reload, in  0.891 seconds
Platform modules already initialized, skipping
Switching build target platform(5) subTarget(0) extendedPlatform(0) -> platform(13) subTarget(537395200) extendedPlatform(0)
Refreshing native plugins compatible for Editor in 0.32 ms, found 1 plugins.
Preloading 0 native plugins for Editor in 0.00 ms.
Unloading 1811 Unused Serialized files (Serialized files now loaded: 0)
System memory in use before: 85.8 MB.
System memory in use after: 85.8 MB.

Unloading 12 unused Assets to reduce memory usage. Loaded Objects now: 2273.
Total: 2.191300 ms (FindLiveObjects: 0.183500 ms CreateObjectMapping: 0.043600 ms MarkObjects: 1.848000 ms  DeleteObjects: 0.114900 ms)

AssetImportParameters requested are different than current active one (requested -> active):
  custom:graphics/normal-map-encoding: 01000000000000000000000000000000 -> 02000000000000000000000000000000
========================================================================
Received Prepare
Registering precompiled user dll's ...
Registered in 0.001006 seconds.
Begin MonoManager ReloadAssembly
Native extension for WindowsStandalone target not found
Native extension for WebGL target not found
Refreshing native plugins compatible for Editor in 0.34 ms, found 1 plugins.
Preloading 0 native plugins for Editor in 0.00 ms.
Mono: successfully reloaded assembly
- Completed reload, in  0.895 seconds
Platform modules already initialized, skipping
Switching build target platform(5) subTarget(0) extendedPlatform(0) -> platform(13) subTarget(537395200) extendedPlatform(0)
Refreshing native plugins compatible for Editor in 0.32 ms, found 1 plugins.
Preloading 0 native plugins for Editor in 0.00 ms.
Unloading 1811 Unused Serialized files (Serialized files now loaded: 0)
System memory in use before: 85.8 MB.
System memory in use after: 85.8 MB.

Unloading 12 unused Assets to reduce memory usage. Loaded Objects now: 2277.
Total: 1.858100 ms (FindLiveObjects: 0.221600 ms CreateObjectMapping: 0.040400 ms MarkObjects: 1.493700 ms  DeleteObjects: 0.101500 ms)

AssetImportParameters requested are different than current active one (requested -> active):
  custom:graphics/normal-map-encoding: 01000000000000000000000000000000 -> 02000000000000000000000000000000
========================================================================
Received Import Request.
  Time since last request: 796.026908 seconds.
  path: Assets/GameManager.cs
  artifactKey: Guid(255666aa8214c8945b80cd49112e6fba) Importer(815301076,1909f56bfc062723c751e8b465ee728b)
Start importing Assets/GameManager.cs using Guid(255666aa8214c8945b80cd49112e6fba) Importer(815301076,1909f56bfc062723c751e8b465ee728b)  -> (artifact id: '69510d0064b81e65d1c81d47f6037530') in 0.004606 seconds
  Import took 0.007604 seconds .

========================================================================
Received Import Request.
  Time since last request: 0.004882 seconds.
  path: Assets/Field.cs
  artifactKey: Guid(2241ac7dce272cb42bcbf0bdd49bd8ab) Importer(815301076,1909f56bfc062723c751e8b465ee728b)
Start importing Assets/Field.cs using Guid(2241ac7dce272cb42bcbf0bdd49bd8ab) Importer(815301076,1909f56bfc062723c751e8b465ee728b)  -> (artifact id: '82380dc64cc82bb710ca52323cf17ac1') in 0.006099 seconds
  Import took 0.008721 seconds .

AssetImportWorkerClient::OnTransportError - code=2 error=End of file
